{
  "RSpec": {
    "coverage": {
      "/Users/samanthaivari/turing/3mod/sweater_weather/app/facades/location_facade.rb": {
        "lines": [
          1,
          1,
          1,
          1,
          null,
          null
        ]
      },
      "/Users/samanthaivari/turing/3mod/sweater_weather/app/poros/forecast.rb": {
        "lines": [
          1,
          1,
          null,
          null,
          null,
          null,
          1,
          2,
          2,
          2,
          2,
          null,
          null,
          1,
          null,
          2,
          null,
          null,
          null,
          null,
          null,
          null,
          null,
          null,
          null,
          null,
          null,
          null,
          1,
          2,
          null,
          56,
          null,
          null,
          null,
          null,
          null,
          null,
          null,
          1,
          2,
          null,
          10,
          null,
          null,
          null,
          null,
          null,
          null,
          null,
          null,
          null,
          null
        ]
      },
      "/Users/samanthaivari/turing/3mod/sweater_weather/app/facades/forecast_facade.rb": {
        "lines": [
          1,
          1,
          1,
          null,
          1,
          null,
          null,
          null,
          1,
          null,
          null
        ]
      },
      "/Users/samanthaivari/turing/3mod/sweater_weather/app/services/forecast_service.rb": {
        "lines": [
          1,
          1,
          2,
          2,
          null,
          null
        ]
      },
      "/Users/samanthaivari/turing/3mod/sweater_weather/app/services/location_service.rb": {
        "lines": [
          1,
          1,
          2,
          2,
          null,
          null
        ]
      },
      "/Users/samanthaivari/turing/3mod/sweater_weather/app/poros/location.rb": {
        "lines": [
          1,
          1,
          null,
          null,
          1,
          2,
          2,
          null,
          null
        ]
      },
      "/Users/samanthaivari/turing/3mod/sweater_weather/app/mailers/application_mailer.rb": {
        "lines": [
          0,
          0,
          0,
          0
        ],
        "branches": {
        }
      },
      "/Users/samanthaivari/turing/3mod/sweater_weather/app/models/application_record.rb": {
        "lines": [
          0,
          0,
          0
        ],
        "branches": {
        }
      },
      "/Users/samanthaivari/turing/3mod/sweater_weather/app/jobs/application_job.rb": {
        "lines": [
          0,
          0
        ],
        "branches": {
        }
      },
      "/Users/samanthaivari/turing/3mod/sweater_weather/app/controllers/application_controller.rb": {
        "lines": [
          0,
          0
        ],
        "branches": {
        }
      },
      "/Users/samanthaivari/turing/3mod/sweater_weather/app/channels/application_cable/connection.rb": {
        "lines": [
          0,
          0,
          0,
          0
        ],
        "branches": {
        }
      },
      "/Users/samanthaivari/turing/3mod/sweater_weather/app/channels/application_cable/channel.rb": {
        "lines": [
          0,
          0,
          0,
          0
        ],
        "branches": {
        }
      }
    },
    "timestamp": 1650823845
  }
}
