{
  "RSpec": {
    "coverage": {
      "/Users/samanthaivari/turing/3mod/sweater_weather/app/facades/background_facade.rb": {
        "lines": [
          1,
          1,
          2,
          2,
          null,
          null
        ]
      },
      "/Users/samanthaivari/turing/3mod/sweater_weather/app/facades/direction_facade.rb": {
        "lines": [
          1,
          1,
          7,
          7,
          null,
          null
        ]
      },
      "/Users/samanthaivari/turing/3mod/sweater_weather/app/facades/location_facade.rb": {
        "lines": [
          1,
          1,
          9,
          8,
          null,
          null
        ]
      },
      "/Users/samanthaivari/turing/3mod/sweater_weather/app/facades/resturant_facade.rb": {
        "lines": [
          1,
          1,
          2,
          2,
          null,
          null
        ]
      },
      "/Users/samanthaivari/turing/3mod/sweater_weather/app/facades/road_trip_facade.rb": {
        "lines": [
          1,
          1,
          5,
          5,
          5,
          5,
          null,
          null
        ]
      },
      "/Users/samanthaivari/turing/3mod/sweater_weather/app/models/user.rb": {
        "lines": [
          1,
          1,
          1,
          1,
          null,
          null,
          null,
          1,
          1,
          1,
          null,
          1,
          10,
          null,
          null
        ]
      },
      "/Users/samanthaivari/turing/3mod/sweater_weather/app/models/application_record.rb": {
        "lines": [
          1,
          1,
          null
        ]
      },
      "/Users/samanthaivari/turing/3mod/sweater_weather/app/poros/background.rb": {
        "lines": [
          1,
          1,
          null,
          1,
          3,
          3,
          3,
          3,
          3,
          3,
          null,
          null
        ]
      },
      "/Users/samanthaivari/turing/3mod/sweater_weather/app/poros/forecast.rb": {
        "lines": [
          1,
          1,
          null,
          null,
          null,
          null,
          1,
          9,
          9,
          9,
          9,
          null,
          null,
          1,
          null,
          9,
          null,
          null,
          null,
          null,
          null,
          null,
          null,
          null,
          null,
          null,
          null,
          null,
          1,
          9,
          null,
          392,
          null,
          null,
          null,
          null,
          null,
          null,
          null,
          1,
          9,
          null,
          45,
          null,
          null,
          null,
          null,
          null,
          null,
          null,
          null,
          null,
          null
        ]
      },
      "/Users/samanthaivari/turing/3mod/sweater_weather/app/poros/road_trip.rb": {
        "lines": [
          1,
          1,
          null,
          1,
          5,
          5,
          5,
          5,
          5,
          null,
          null,
          1,
          3,
          9,
          null,
          null,
          null,
          1,
          5,
          2,
          null,
          3,
          null,
          null,
          null,
          1,
          5,
          2,
          null,
          3,
          3,
          3,
          null,
          3,
          22,
          null,
          null,
          null,
          null
        ]
      },
      "/Users/samanthaivari/turing/3mod/sweater_weather/app/services/background_service.rb": {
        "lines": [
          1,
          1,
          4,
          4,
          null,
          null
        ]
      },
      "/Users/samanthaivari/turing/3mod/sweater_weather/app/controllers/api/v1/backgrounds_controller.rb": {
        "lines": [
          1,
          1,
          1,
          1,
          null,
          null
        ]
      },
      "/Users/samanthaivari/turing/3mod/sweater_weather/app/controllers/application_controller.rb": {
        "lines": [
          1,
          null
        ]
      },
      "/Users/samanthaivari/turing/3mod/sweater_weather/app/serializers/background_serializer.rb": {
        "lines": [
          1,
          1,
          1,
          1,
          1,
          null
        ]
      },
      "/Users/samanthaivari/turing/3mod/sweater_weather/app/controllers/api/v1/forecast_controller.rb": {
        "lines": [
          1,
          1,
          2,
          1,
          1,
          null,
          null
        ]
      },
      "/Users/samanthaivari/turing/3mod/sweater_weather/app/services/location_service.rb": {
        "lines": [
          1,
          1,
          10,
          9,
          null,
          null
        ]
      },
      "/Users/samanthaivari/turing/3mod/sweater_weather/app/poros/location.rb": {
        "lines": [
          1,
          1,
          null,
          null,
          1,
          9,
          9,
          null,
          null
        ]
      },
      "/Users/samanthaivari/turing/3mod/sweater_weather/app/facades/forecast_facade.rb": {
        "lines": [
          1,
          1,
          8,
          null,
          8,
          null,
          null,
          null,
          8,
          null,
          null
        ]
      },
      "/Users/samanthaivari/turing/3mod/sweater_weather/app/services/forecast_service.rb": {
        "lines": [
          1,
          1,
          9,
          9,
          null,
          null
        ]
      },
      "/Users/samanthaivari/turing/3mod/sweater_weather/app/serializers/forecast_serializer.rb": {
        "lines": [
          1,
          1,
          1,
          null,
          null,
          null,
          null,
          null,
          null,
          null,
          null,
          null,
          null,
          null,
          null,
          null,
          null,
          null,
          null,
          null,
          null,
          null,
          null,
          5,
          null,
          null,
          null,
          null,
          null,
          null,
          null,
          null,
          null,
          null,
          8,
          null,
          null,
          null,
          null,
          null,
          null,
          null,
          null,
          null
        ]
      },
      "/Users/samanthaivari/turing/3mod/sweater_weather/app/controllers/api/v1/sessions_controller.rb": {
        "lines": [
          1,
          1,
          3,
          3,
          3,
          3,
          1,
          1,
          null,
          2,
          null,
          null,
          null
        ]
      },
      "/Users/samanthaivari/turing/3mod/sweater_weather/app/serializers/user_serializer.rb": {
        "lines": [
          1,
          1,
          null,
          1,
          1,
          null
        ]
      },
      "/Users/samanthaivari/turing/3mod/sweater_weather/app/controllers/api/v1/munchies_controller.rb": {
        "lines": [
          1,
          1,
          1,
          null,
          1,
          null,
          1,
          1,
          1,
          null,
          1,
          null,
          1,
          null,
          null
        ]
      },
      "/Users/samanthaivari/turing/3mod/sweater_weather/app/services/direction_service.rb": {
        "lines": [
          1,
          1,
          9,
          9,
          null,
          null
        ]
      },
      "/Users/samanthaivari/turing/3mod/sweater_weather/app/poros/direction.rb": {
        "lines": [
          1,
          1,
          null,
          1,
          8,
          null,
          null
        ]
      },
      "/Users/samanthaivari/turing/3mod/sweater_weather/app/services/resturant_service.rb": {
        "lines": [
          1,
          1,
          4,
          4,
          4,
          4,
          4,
          4,
          null,
          null,
          4,
          4,
          null,
          null,
          1,
          4,
          null,
          null
        ]
      },
      "/Users/samanthaivari/turing/3mod/sweater_weather/app/poros/resturant.rb": {
        "lines": [
          1,
          1,
          null,
          null,
          1,
          3,
          3,
          null,
          null
        ]
      },
      "/Users/samanthaivari/turing/3mod/sweater_weather/app/serializers/munchie_serializer.rb": {
        "lines": [
          1,
          1,
          null,
          1,
          null,
          null,
          null,
          null,
          null,
          null,
          null,
          null,
          null,
          null,
          null,
          null,
          null,
          null,
          null,
          null,
          null,
          null
        ]
      },
      "/Users/samanthaivari/turing/3mod/sweater_weather/app/controllers/api/v1/users_controller.rb": {
        "lines": [
          1,
          1,
          8,
          8,
          8,
          2,
          null,
          6,
          null,
          null,
          null,
          null,
          1,
          null,
          1,
          8,
          null,
          null
        ]
      },
      "/Users/samanthaivari/turing/3mod/sweater_weather/app/controllers/api/v1/road_trip_controller.rb": {
        "lines": [
          1,
          1,
          3,
          3,
          3,
          3,
          null,
          3,
          2,
          2,
          null,
          1,
          null,
          null,
          null
        ]
      },
      "/Users/samanthaivari/turing/3mod/sweater_weather/app/serializers/road_trip_serializer.rb": {
        "lines": [
          1,
          1,
          null,
          1,
          1,
          null,
          1,
          null,
          null,
          null,
          null
        ]
      },
      "/Users/samanthaivari/turing/3mod/sweater_weather/app/mailers/application_mailer.rb": {
        "lines": [
          0,
          0,
          0,
          0
        ],
        "branches": {
        }
      },
      "/Users/samanthaivari/turing/3mod/sweater_weather/app/jobs/application_job.rb": {
        "lines": [
          0,
          0
        ],
        "branches": {
        }
      },
      "/Users/samanthaivari/turing/3mod/sweater_weather/app/channels/application_cable/connection.rb": {
        "lines": [
          0,
          0,
          0,
          0
        ],
        "branches": {
        }
      },
      "/Users/samanthaivari/turing/3mod/sweater_weather/app/channels/application_cable/channel.rb": {
        "lines": [
          0,
          0,
          0,
          0
        ],
        "branches": {
        }
      }
    },
    "timestamp": 1650995384
  }
}
